<?xml version="1.0" encoding="UTF-8"?>
<!-- Generated by org.testng.reporters.JUnitReportReporter -->
<testsuite hostname="BISWAJIT2000" failures="0" tests="2" name="Screen.TScreenTest" time="57.140" errors="0" timestamp="2022-11-14T16:15:58 IST" skipped="0">
  <testcase classname="Screen.TScreenTest" name="navigation_FeatureTest" time="39.701"/>
  <system-out/>
  <testcase classname="Screen.TScreenTest" name="navigationTest" time="17.439"/>
  <system-out/>
</testsuite> <!-- Screen.TScreenTest -->
